  main.cpp
C:\Program Files (x86)\IntelSWTools\openvino_2020.4.287\inference_engine\include\details\ie_exception.hpp(66,83): warning C4275: 非 dll 接口 class“std::exception”用作 dll 接口 class“InferenceEngine::details::InferenceEngineException”的基
C:\Program Files (x86)\Microsoft Visual Studio\2019\Community\VC\Tools\MSVC\14.27.29110\include\vcruntime_exception.h(48): message : 参见“std::exception”的声明
C:\Program Files (x86)\IntelSWTools\openvino_2020.4.287\inference_engine\include\details\ie_exception.hpp(66): message : 参见“InferenceEngine::details::InferenceEngineException”的声明
C:\Program Files (x86)\IntelSWTools\openvino_2020.4.287\inference_engine\include\details\ie_exception.hpp(67,34): warning C4251: “InferenceEngine::details::InferenceEngineException::errorDesc”: class“std::basic_string<char,std::char_traits<char>,std::allocator<char>>”需要有 dll 接口由 class“InferenceEngine::details::InferenceEngineException”的客户端使用
C:\Program Files (x86)\Microsoft Visual Studio\2019\Community\VC\Tools\MSVC\14.27.29110\include\xstring(4564): message : 参见“std::basic_string<char,std::char_traits<char>,std::allocator<char>>”的声明
C:\Program Files (x86)\IntelSWTools\openvino_2020.4.287\inference_engine\include\details\ie_exception.hpp(69,22): warning C4251: “InferenceEngine::details::InferenceEngineException::_file”: class“std::basic_string<char,std::char_traits<char>,std::allocator<char>>”需要有 dll 接口由 class“InferenceEngine::details::InferenceEngineException”的客户端使用
C:\Program Files (x86)\Microsoft Visual Studio\2019\Community\VC\Tools\MSVC\14.27.29110\include\xstring(4564): message : 参见“std::basic_string<char,std::char_traits<char>,std::allocator<char>>”的声明
C:\Program Files (x86)\IntelSWTools\openvino_2020.4.287\inference_engine\include\details\ie_exception.hpp(71,56): warning C4251: “InferenceEngine::details::InferenceEngineException::exception_stream”: class“std::shared_ptr<std::stringstream>”需要有 dll 接口由 class“InferenceEngine::details::InferenceEngineException”的客户端使用
C:\Program Files (x86)\IntelSWTools\openvino_2020.4.287\inference_engine\include\details\ie_exception.hpp(71): message : 参见“std::shared_ptr<std::stringstream>”的声明
C:\Program Files (x86)\IntelSWTools\openvino_2020.4.287\inference_engine\include\ie_unicode.hpp(38,10): warning C4996: 'wcstombs': This function or variable may be unsafe. Consider using wcstombs_s instead. To disable deprecation, use _CRT_SECURE_NO_WARNINGS. See online help for details.
C:\Program Files (x86)\IntelSWTools\openvino_2020.4.287\inference_engine\include\ie_unicode.hpp(54,10): warning C4996: 'mbstowcs': This function or variable may be unsafe. Consider using mbstowcs_s instead. To disable deprecation, use _CRT_SECURE_NO_WARNINGS. See online help for details.
C:\Program Files (x86)\IntelSWTools\openvino_2020.4.287\inference_engine\include\ie_layouts.h(137,27): warning C4251: “InferenceEngine::BlockingDesc::blockedDims”: class“std::vector<size_t,std::allocator<size_t>>”需要有 dll 接口由 class“InferenceEngine::BlockingDesc”的客户端使用
D:\opencv\opencv\build\include\opencv2\core\mat.hpp(2685): message : 参见“std::vector<size_t,std::allocator<size_t>>”的声明
C:\Program Files (x86)\IntelSWTools\openvino_2020.4.287\inference_engine\include\ie_layouts.h(139,23): warning C4251: “InferenceEngine::BlockingDesc::strides”: class“std::vector<size_t,std::allocator<size_t>>”需要有 dll 接口由 class“InferenceEngine::BlockingDesc”的客户端使用
D:\opencv\opencv\build\include\opencv2\core\mat.hpp(2685): message : 参见“std::vector<size_t,std::allocator<size_t>>”的声明
C:\Program Files (x86)\IntelSWTools\openvino_2020.4.287\inference_engine\include\ie_layouts.h(141,21): warning C4251: “InferenceEngine::BlockingDesc::order”: class“std::vector<size_t,std::allocator<size_t>>”需要有 dll 接口由 class“InferenceEngine::BlockingDesc”的客户端使用
D:\opencv\opencv\build\include\opencv2\core\mat.hpp(2685): message : 参见“std::vector<size_t,std::allocator<size_t>>”的声明
C:\Program Files (x86)\IntelSWTools\openvino_2020.4.287\inference_engine\include\ie_layouts.h(144,35): warning C4251: “InferenceEngine::BlockingDesc::offsetPaddingToData”: class“std::vector<size_t,std::allocator<size_t>>”需要有 dll 接口由 class“InferenceEngine::BlockingDesc”的客户端使用
D:\opencv\opencv\build\include\opencv2\core\mat.hpp(2685): message : 参见“std::vector<size_t,std::allocator<size_t>>”的声明
C:\Program Files (x86)\IntelSWTools\openvino_2020.4.287\inference_engine\include\ie_layouts.h(310,20): warning C4251: “InferenceEngine::TensorDesc::dims”: class“std::vector<size_t,std::allocator<size_t>>”需要有 dll 接口由 class“InferenceEngine::TensorDesc”的客户端使用
D:\opencv\opencv\build\include\opencv2\core\mat.hpp(2685): message : 参见“std::vector<size_t,std::allocator<size_t>>”的声明
C:\Program Files (x86)\IntelSWTools\openvino_2020.4.287\inference_engine\include\ie_layouts.h(314,24): warning C4251: “InferenceEngine::TensorDesc::precision”: class“InferenceEngine::Precision”需要有 dll 接口由 class“InferenceEngine::TensorDesc”的客户端使用
C:\Program Files (x86)\IntelSWTools\openvino_2020.4.287\inference_engine\include\ie_precision.hpp(22): message : 参见“InferenceEngine::Precision”的声明
C:\Program Files (x86)\IntelSWTools\openvino_2020.4.287\inference_engine\include\ie_data.h(166,33): warning C4251: “InferenceEngine::Data::creatorLayer”: class“std::weak_ptr<InferenceEngine::CNNLayer>”需要有 dll 接口由 class“InferenceEngine::Data”的客户端使用
C:\Program Files (x86)\IntelSWTools\openvino_2020.4.287\inference_engine\include\ie_common.h(43): message : 参见“std::weak_ptr<InferenceEngine::CNNLayer>”的声明
C:\Program Files (x86)\IntelSWTools\openvino_2020.4.287\inference_engine\include\ie_data.h(171,21): warning C4251: “InferenceEngine::Data::name”: class“std::basic_string<char,std::char_traits<char>,std::allocator<char>>”需要有 dll 接口由 class“InferenceEngine::Data”的客户端使用
C:\Program Files (x86)\Microsoft Visual Studio\2019\Community\VC\Tools\MSVC\14.27.29110\include\xstring(4564): message : 参见“std::basic_string<char,std::char_traits<char>,std::allocator<char>>”的声明
C:\Program Files (x86)\IntelSWTools\openvino_2020.4.287\inference_engine\include\ie_data.h(177,47): warning C4251: “InferenceEngine::Data::inputTo”: class“std::map<std::string,InferenceEngine::CNNLayerPtr,std::less<cv::String>,std::allocator<std::pair<const std::string,InferenceEngine::CNNLayerPtr>>>”需要有 dll 接口由 class“InferenceEngine::Data”的客户端使用
C:\Program Files (x86)\IntelSWTools\openvino_2020.4.287\inference_engine\include\ie_data.h(155): message : 参见“std::map<std::string,InferenceEngine::CNNLayerPtr,std::less<cv::String>,std::allocator<std::pair<const std::string,InferenceEngine::CNNLayerPtr>>>”的声明
C:\Program Files (x86)\IntelSWTools\openvino_2020.4.287\inference_engine\include\ie_layers.h(42,21): warning C4251: “InferenceEngine::LayerParams::name”: class“std::basic_string<char,std::char_traits<char>,std::allocator<char>>”需要有 dll 接口由 struct“InferenceEngine::LayerParams”的客户端使用
C:\Program Files (x86)\Microsoft Visual Studio\2019\Community\VC\Tools\MSVC\14.27.29110\include\xstring(4564): message : 参见“std::basic_string<char,std::char_traits<char>,std::allocator<char>>”的声明
C:\Program Files (x86)\IntelSWTools\openvino_2020.4.287\inference_engine\include\ie_layers.h(47,21): warning C4251: “InferenceEngine::LayerParams::type”: class“std::basic_string<char,std::char_traits<char>,std::allocator<char>>”需要有 dll 接口由 struct“InferenceEngine::LayerParams”的客户端使用
C:\Program Files (x86)\Microsoft Visual Studio\2019\Community\VC\Tools\MSVC\14.27.29110\include\xstring(4564): message : 参见“std::basic_string<char,std::char_traits<char>,std::allocator<char>>”的声明
C:\Program Files (x86)\IntelSWTools\openvino_2020.4.287\inference_engine\include\ie_layers.h(52,24): warning C4251: “InferenceEngine::LayerParams::precision”: class“InferenceEngine::Precision”需要有 dll 接口由 struct“InferenceEngine::LayerParams”的客户端使用
C:\Program Files (x86)\IntelSWTools\openvino_2020.4.287\inference_engine\include\ie_precision.hpp(22): message : 参见“InferenceEngine::Precision”的声明
C:\Program Files (x86)\IntelSWTools\openvino_2020.4.287\inference_engine\include\ie_layers.h(91,39): warning C4251: “InferenceEngine::CNNLayer::node”: class“std::shared_ptr<ngraph::Node>”需要有 dll 接口由 class“InferenceEngine::CNNLayer”的客户端使用
C:\Program Files (x86)\IntelSWTools\openvino_2020.4.287\inference_engine\include\ie_layers.h(91): message : 参见“std::shared_ptr<ngraph::Node>”的声明
C:\Program Files (x86)\IntelSWTools\openvino_2020.4.287\inference_engine\include\ie_layers.h(103,21): warning C4251: “InferenceEngine::CNNLayer::name”: class“std::basic_string<char,std::char_traits<char>,std::allocator<char>>”需要有 dll 接口由 class“InferenceEngine::CNNLayer”的客户端使用
C:\Program Files (x86)\Microsoft Visual Studio\2019\Community\VC\Tools\MSVC\14.27.29110\include\xstring(4564): message : 参见“std::basic_string<char,std::char_traits<char>,std::allocator<char>>”的声明
C:\Program Files (x86)\IntelSWTools\openvino_2020.4.287\inference_engine\include\ie_layers.h(108,21): warning C4251: “InferenceEngine::CNNLayer::type”: class“std::basic_string<char,std::char_traits<char>,std::allocator<char>>”需要有 dll 接口由 class“InferenceEngine::CNNLayer”的客户端使用
C:\Program Files (x86)\Microsoft Visual Studio\2019\Community\VC\Tools\MSVC\14.27.29110\include\xstring(4564): message : 参见“std::basic_string<char,std::char_traits<char>,std::allocator<char>>”的声明
C:\Program Files (x86)\IntelSWTools\openvino_2020.4.287\inference_engine\include\ie_layers.h(113,24): warning C4251: “InferenceEngine::CNNLayer::precision”: class“InferenceEngine::Precision”需要有 dll 接口由 class“InferenceEngine::CNNLayer”的客户端使用
C:\Program Files (x86)\IntelSWTools\openvino_2020.4.287\inference_engine\include\ie_precision.hpp(22): message : 参见“InferenceEngine::Precision”的声明
C:\Program Files (x86)\IntelSWTools\openvino_2020.4.287\inference_engine\include\ie_layers.h(118,33): warning C4251: “InferenceEngine::CNNLayer::outData”: class“std::vector<InferenceEngine::DataPtr,std::allocator<InferenceEngine::DataPtr>>”需要有 dll 接口由 class“InferenceEngine::CNNLayer”的客户端使用
C:\Program Files (x86)\IntelSWTools\openvino_2020.4.287\inference_engine\include\ie_layers.h(118): message : 参见“std::vector<InferenceEngine::DataPtr,std::allocator<InferenceEngine::DataPtr>>”的声明
C:\Program Files (x86)\IntelSWTools\openvino_2020.4.287\inference_engine\include\ie_layers.h(123,37): warning C4251: “InferenceEngine::CNNLayer::insData”: class“std::vector<InferenceEngine::DataWeakPtr,std::allocator<InferenceEngine::DataWeakPtr>>”需要有 dll 接口由 class“InferenceEngine::CNNLayer”的客户端使用
C:\Program Files (x86)\IntelSWTools\openvino_2020.4.287\inference_engine\include\ie_layers.h(123): message : 参见“std::vector<InferenceEngine::DataWeakPtr,std::allocator<InferenceEngine::DataWeakPtr>>”的声明
C:\Program Files (x86)\IntelSWTools\openvino_2020.4.287\inference_engine\include\ie_layers.h(129,19): warning C4251: “InferenceEngine::CNNLayer::_fusedWith”: class“std::shared_ptr<InferenceEngine::CNNLayer>”需要有 dll 接口由 class“InferenceEngine::CNNLayer”的客户端使用
C:\Program Files (x86)\IntelSWTools\openvino_2020.4.287\inference_engine\include\ie_common.h(39): message : 参见“std::shared_ptr<InferenceEngine::CNNLayer>”的声明
C:\Program Files (x86)\IntelSWTools\openvino_2020.4.287\inference_engine\include\ie_layers.h(140,25): warning C4251: “InferenceEngine::CNNLayer::affinity”: class“std::basic_string<char,std::char_traits<char>,std::allocator<char>>”需要有 dll 接口由 class“InferenceEngine::CNNLayer”的客户端使用
C:\Program Files (x86)\Microsoft Visual Studio\2019\Community\VC\Tools\MSVC\14.27.29110\include\xstring(4564): message : 参见“std::basic_string<char,std::char_traits<char>,std::allocator<char>>”的声明
C:\Program Files (x86)\IntelSWTools\openvino_2020.4.287\inference_engine\include\ie_layers.h(367,46): warning C4251: “InferenceEngine::CNNLayer::params”: class“std::map<std::string,std::string,std::less<cv::String>,std::allocator<std::pair<const std::string,std::string>>>”需要有 dll 接口由 class“InferenceEngine::CNNLayer”的客户端使用
C:\Program Files (x86)\IntelSWTools\openvino_2020.4.287\inference_engine\include\ie_layers.h(367): message : 参见“std::map<std::string,std::string,std::less<cv::String>,std::allocator<std::pair<const std::string,std::string>>>”的声明
C:\Program Files (x86)\IntelSWTools\openvino_2020.4.287\inference_engine\include\ie_layers.h(372,43): warning C4251: “InferenceEngine::CNNLayer::blobs”: class“std::map<std::string,InferenceEngine::Blob::Ptr,std::less<cv::String>,std::allocator<std::pair<const std::string,InferenceEngine::Blob::Ptr>>>”需要有 dll 接口由 class“InferenceEngine::CNNLayer”的客户端使用
C:\Program Files (x86)\IntelSWTools\openvino_2020.4.287\inference_engine\include\ie_blob.h(464): message : 参见“std::map<std::string,InferenceEngine::Blob::Ptr,std::less<cv::String>,std::allocator<std::pair<const std::string,InferenceEngine::Blob::Ptr>>>”的声明
C:\Program Files (x86)\IntelSWTools\openvino_2020.4.287\inference_engine\include\ie_layers.h(405,23): warning C4251: “InferenceEngine::WeightableLayer::_weights”: class“std::shared_ptr<InferenceEngine::Blob>”需要有 dll 接口由 class“InferenceEngine::WeightableLayer”的客户端使用
C:\Program Files (x86)\IntelSWTools\openvino_2020.4.287\inference_engine\include\ie_blob.h(42): message : 参见“std::shared_ptr<InferenceEngine::Blob>”的声明
C:\Program Files (x86)\IntelSWTools\openvino_2020.4.287\inference_engine\include\ie_layers.h(409,22): warning C4251: “InferenceEngine::WeightableLayer::_biases”: class“std::shared_ptr<InferenceEngine::Blob>”需要有 dll 接口由 class“InferenceEngine::WeightableLayer”的客户端使用
C:\Program Files (x86)\IntelSWTools\openvino_2020.4.287\inference_engine\include\ie_blob.h(42): message : 参见“std::shared_ptr<InferenceEngine::Blob>”的声明
C:\Program Files (x86)\IntelSWTools\openvino_2020.4.287\inference_engine\include\ie_layers.h(436,5): warning C4251: “InferenceEngine::ConvolutionLayer::_kernel”: class“InferenceEngine::PropertyVector<unsigned int,12>”需要有 dll 接口由 class“InferenceEngine::ConvolutionLayer”的客户端使用
C:\Program Files (x86)\IntelSWTools\openvino_2020.4.287\inference_engine\include\ie_layers.h(436): message : 参见“InferenceEngine::PropertyVector<unsigned int,12>”的声明
C:\Program Files (x86)\IntelSWTools\openvino_2020.4.287\inference_engine\include\ie_layers.h(440,5): warning C4251: “InferenceEngine::ConvolutionLayer::_padding”: class“InferenceEngine::PropertyVector<unsigned int,12>”需要有 dll 接口由 class“InferenceEngine::ConvolutionLayer”的客户端使用
C:\Program Files (x86)\IntelSWTools\openvino_2020.4.287\inference_engine\include\ie_layers.h(436): message : 参见“InferenceEngine::PropertyVector<unsigned int,12>”的声明
C:\Program Files (x86)\IntelSWTools\openvino_2020.4.287\inference_engine\include\ie_layers.h(444,43): warning C4251: “InferenceEngine::ConvolutionLayer::_pads_end”: class“InferenceEngine::PropertyVector<unsigned int,12>”需要有 dll 接口由 class“InferenceEngine::ConvolutionLayer”的客户端使用
C:\Program Files (x86)\IntelSWTools\openvino_2020.4.287\inference_engine\include\ie_layers.h(436): message : 参见“InferenceEngine::PropertyVector<unsigned int,12>”的声明
C:\Program Files (x86)\IntelSWTools\openvino_2020.4.287\inference_engine\include\ie_layers.h(448,5): warning C4251: “InferenceEngine::ConvolutionLayer::_stride”: class“InferenceEngine::PropertyVector<unsigned int,12>”需要有 dll 接口由 class“InferenceEngine::ConvolutionLayer”的客户端使用
C:\Program Files (x86)\IntelSWTools\openvino_2020.4.287\inference_engine\include\ie_layers.h(436): message : 参见“InferenceEngine::PropertyVector<unsigned int,12>”的声明
C:\Program Files (x86)\IntelSWTools\openvino_2020.4.287\inference_engine\include\ie_layers.h(452,5): warning C4251: “InferenceEngine::ConvolutionLayer::_dilation”: class“InferenceEngine::PropertyVector<unsigned int,12>”需要有 dll 接口由 class“InferenceEngine::ConvolutionLayer”的客户端使用
C:\Program Files (x86)\IntelSWTools\openvino_2020.4.287\inference_engine\include\ie_layers.h(436): message : 参见“InferenceEngine::PropertyVector<unsigned int,12>”的声明
C:\Program Files (x86)\IntelSWTools\openvino_2020.4.287\inference_engine\include\ie_layers.h(464,26): warning C4251: “InferenceEngine::ConvolutionLayer::_auto_pad”: class“std::basic_string<char,std::char_traits<char>,std::allocator<char>>”需要有 dll 接口由 class“InferenceEngine::ConvolutionLayer”的客户端使用
C:\Program Files (x86)\Microsoft Visual Studio\2019\Community\VC\Tools\MSVC\14.27.29110\include\xstring(4564): message : 参见“std::basic_string<char,std::char_traits<char>,std::allocator<char>>”的声明
C:\Program Files (x86)\IntelSWTools\openvino_2020.4.287\inference_engine\include\ie_layers.h(545,5): warning C4251: “InferenceEngine::PoolingLayer::_kernel”: class“InferenceEngine::PropertyVector<unsigned int,12>”需要有 dll 接口由 class“InferenceEngine::PoolingLayer”的客户端使用
C:\Program Files (x86)\IntelSWTools\openvino_2020.4.287\inference_engine\include\ie_layers.h(436): message : 参见“InferenceEngine::PropertyVector<unsigned int,12>”的声明
C:\Program Files (x86)\IntelSWTools\openvino_2020.4.287\inference_engine\include\ie_layers.h(549,5): warning C4251: “InferenceEngine::PoolingLayer::_padding”: class“InferenceEngine::PropertyVector<unsigned int,12>”需要有 dll 接口由 class“InferenceEngine::PoolingLayer”的客户端使用
C:\Program Files (x86)\IntelSWTools\openvino_2020.4.287\inference_engine\include\ie_layers.h(436): message : 参见“InferenceEngine::PropertyVector<unsigned int,12>”的声明
C:\Program Files (x86)\IntelSWTools\openvino_2020.4.287\inference_engine\include\ie_layers.h(553,43): warning C4251: “InferenceEngine::PoolingLayer::_pads_end”: class“InferenceEngine::PropertyVector<unsigned int,12>”需要有 dll 接口由 class“InferenceEngine::PoolingLayer”的客户端使用
C:\Program Files (x86)\IntelSWTools\openvino_2020.4.287\inference_engine\include\ie_layers.h(436): message : 参见“InferenceEngine::PropertyVector<unsigned int,12>”的声明
C:\Program Files (x86)\IntelSWTools\openvino_2020.4.287\inference_engine\include\ie_layers.h(557,5): warning C4251: “InferenceEngine::PoolingLayer::_stride”: class“InferenceEngine::PropertyVector<unsigned int,12>”需要有 dll 接口由 class“InferenceEngine::PoolingLayer”的客户端使用
C:\Program Files (x86)\IntelSWTools\openvino_2020.4.287\inference_engine\include\ie_layers.h(436): message : 参见“InferenceEngine::PropertyVector<unsigned int,12>”的声明
C:\Program Files (x86)\IntelSWTools\openvino_2020.4.287\inference_engine\include\ie_layers.h(577,26): warning C4251: “InferenceEngine::PoolingLayer::_auto_pad”: class“std::basic_string<char,std::char_traits<char>,std::allocator<char>>”需要有 dll 接口由 class“InferenceEngine::PoolingLayer”的客户端使用
C:\Program Files (x86)\Microsoft Visual Studio\2019\Community\VC\Tools\MSVC\14.27.29110\include\xstring(4564): message : 参见“std::basic_string<char,std::char_traits<char>,std::allocator<char>>”的声明
C:\Program Files (x86)\IntelSWTools\openvino_2020.4.287\inference_engine\include\ie_layers.h(648,5): warning C4251: “InferenceEngine::BinaryConvolutionLayer::_kernel”: class“InferenceEngine::PropertyVector<unsigned int,12>”需要有 dll 接口由 class“InferenceEngine::BinaryConvolutionLayer”的客户端使用
C:\Program Files (x86)\IntelSWTools\openvino_2020.4.287\inference_engine\include\ie_layers.h(436): message : 参见“InferenceEngine::PropertyVector<unsigned int,12>”的声明
C:\Program Files (x86)\IntelSWTools\openvino_2020.4.287\inference_engine\include\ie_layers.h(652,5): warning C4251: “InferenceEngine::BinaryConvolutionLayer::_padding”: class“InferenceEngine::PropertyVector<unsigned int,12>”需要有 dll 接口由 class“InferenceEngine::BinaryConvolutionLayer”的客户端使用
C:\Program Files (x86)\IntelSWTools\openvino_2020.4.287\inference_engine\include\ie_layers.h(436): message : 参见“InferenceEngine::PropertyVector<unsigned int,12>”的声明
C:\Program Files (x86)\IntelSWTools\openvino_2020.4.287\inference_engine\include\ie_layers.h(656,43): warning C4251: “InferenceEngine::BinaryConvolutionLayer::_pads_end”: class“InferenceEngine::PropertyVector<unsigned int,12>”需要有 dll 接口由 class“InferenceEngine::BinaryConvolutionLayer”的客户端使用
C:\Program Files (x86)\IntelSWTools\openvino_2020.4.287\inference_engine\include\ie_layers.h(436): message : 参见“InferenceEngine::PropertyVector<unsigned int,12>”的声明
C:\Program Files (x86)\IntelSWTools\openvino_2020.4.287\inference_engine\include\ie_layers.h(660,5): warning C4251: “InferenceEngine::BinaryConvolutionLayer::_stride”: class“InferenceEngine::PropertyVector<unsigned int,12>”需要有 dll 接口由 class“InferenceEngine::BinaryConvolutionLayer”的客户端使用
C:\Program Files (x86)\IntelSWTools\openvino_2020.4.287\inference_engine\include\ie_layers.h(436): message : 参见“InferenceEngine::PropertyVector<unsigned int,12>”的声明
C:\Program Files (x86)\IntelSWTools\openvino_2020.4.287\inference_engine\include\ie_layers.h(664,5): warning C4251: “InferenceEngine::BinaryConvolutionLayer::_dilation”: class“InferenceEngine::PropertyVector<unsigned int,12>”需要有 dll 接口由 class“InferenceEngine::BinaryConvolutionLayer”的客户端使用
C:\Program Files (x86)\IntelSWTools\openvino_2020.4.287\inference_engine\include\ie_layers.h(436): message : 参见“InferenceEngine::PropertyVector<unsigned int,12>”的声明
C:\Program Files (x86)\IntelSWTools\openvino_2020.4.287\inference_engine\include\ie_layers.h(676,26): warning C4251: “InferenceEngine::BinaryConvolutionLayer::_auto_pad”: class“std::basic_string<char,std::char_traits<char>,std::allocator<char>>”需要有 dll 接口由 class“InferenceEngine::BinaryConvolutionLayer”的客户端使用
C:\Program Files (x86)\Microsoft Visual Studio\2019\Community\VC\Tools\MSVC\14.27.29110\include\xstring(4564): message : 参见“std::basic_string<char,std::char_traits<char>,std::allocator<char>>”的声明
C:\Program Files (x86)\IntelSWTools\openvino_2020.4.287\inference_engine\include\ie_layers.h(989,29): warning C4251: “InferenceEngine::EltwiseLayer::coeff”: class“std::vector<float,std::allocator<float>>”需要有 dll 接口由 class“InferenceEngine::EltwiseLayer”的客户端使用
D:\opencv\opencv\build\include\opencv2\dnn\dnn.hpp(1053): message : 参见“std::vector<float,std::allocator<float>>”的声明
C:\Program Files (x86)\IntelSWTools\openvino_2020.4.287\inference_engine\include\ie_layers.h(1008,26): warning C4251: “InferenceEngine::CropLayer::axis”: class“std::vector<int,std::allocator<int>>”需要有 dll 接口由 class“InferenceEngine::CropLayer”的客户端使用
D:\opencv\opencv\build\include\opencv2\core\types.hpp(749): message : 参见“std::vector<int,std::allocator<int>>”的声明
C:\Program Files (x86)\IntelSWTools\openvino_2020.4.287\inference_engine\include\ie_layers.h(1012,25): warning C4251: “InferenceEngine::CropLayer::dim”: class“std::vector<int,std::allocator<int>>”需要有 dll 接口由 class“InferenceEngine::CropLayer”的客户端使用
D:\opencv\opencv\build\include\opencv2\core\types.hpp(749): message : 参见“std::vector<int,std::allocator<int>>”的声明
C:\Program Files (x86)\IntelSWTools\openvino_2020.4.287\inference_engine\include\ie_layers.h(1016,28): warning C4251: “InferenceEngine::CropLayer::offset”: class“std::vector<int,std::allocator<int>>”需要有 dll 接口由 class“InferenceEngine::CropLayer”的客户端使用
D:\opencv\opencv\build\include\opencv2\core\types.hpp(749): message : 参见“std::vector<int,std::allocator<int>>”的声明
C:\Program Files (x86)\IntelSWTools\openvino_2020.4.287\inference_engine\include\ie_layers.h(1035,27): warning C4251: “InferenceEngine::ReshapeLayer::shape”: class“std::vector<int,std::allocator<int>>”需要有 dll 接口由 class“InferenceEngine::ReshapeLayer”的客户端使用
D:\opencv\opencv\build\include\opencv2\core\types.hpp(749): message : 参见“std::vector<int,std::allocator<int>>”的声明
C:\Program Files (x86)\IntelSWTools\openvino_2020.4.287\inference_engine\include\ie_layers.h(1048,1): warning C4819: 该文件包含不能在当前代码页(936)中表示的字符。请将该文件保存为 Unicode 格式以防止数据丢失
C:\Program Files (x86)\IntelSWTools\openvino_2020.4.287\inference_engine\include\ie_layers.h(1123,40): warning C4251: “InferenceEngine::TensorIterator::input_port_map”: class“std::vector<InferenceEngine::TensorIterator::PortMap,std::allocator<InferenceEngine::TensorIterator::PortMap>>”需要有 dll 接口由 class“InferenceEngine::TensorIterator”的客户端使用
C:\Program Files (x86)\IntelSWTools\openvino_2020.4.287\inference_engine\include\ie_layers.h(1123): message : 参见“std::vector<InferenceEngine::TensorIterator::PortMap,std::allocator<InferenceEngine::TensorIterator::PortMap>>”的声明
C:\Program Files (x86)\IntelSWTools\openvino_2020.4.287\inference_engine\include\ie_layers.h(1124,41): warning C4251: “InferenceEngine::TensorIterator::output_port_map”: class“std::vector<InferenceEngine::TensorIterator::PortMap,std::allocator<InferenceEngine::TensorIterator::PortMap>>”需要有 dll 接口由 class“InferenceEngine::TensorIterator”的客户端使用
C:\Program Files (x86)\IntelSWTools\openvino_2020.4.287\inference_engine\include\ie_layers.h(1123): message : 参见“std::vector<InferenceEngine::TensorIterator::PortMap,std::allocator<InferenceEngine::TensorIterator::PortMap>>”的声明
C:\Program Files (x86)\IntelSWTools\openvino_2020.4.287\inference_engine\include\ie_layers.h(1125,36): warning C4251: “InferenceEngine::TensorIterator::back_edges”: class“std::vector<InferenceEngine::TensorIterator::PortMap,std::allocator<InferenceEngine::TensorIterator::PortMap>>”需要有 dll 接口由 class“InferenceEngine::TensorIterator”的客户端使用
C:\Program Files (x86)\IntelSWTools\openvino_2020.4.287\inference_engine\include\ie_layers.h(1123): message : 参见“std::vector<InferenceEngine::TensorIterator::PortMap,std::allocator<InferenceEngine::TensorIterator::PortMap>>”的声明
C:\Program Files (x86)\IntelSWTools\openvino_2020.4.287\inference_engine\include\ie_layers.h(1174,41): warning C4251: “InferenceEngine::RNNCellBase::activations”: class“std::vector<cv::String,std::allocator<cv::String>>”需要有 dll 接口由 class“InferenceEngine::RNNCellBase”的客户端使用
D:\opencv\opencv\build\include\opencv2\core\persistence.hpp(417): message : 参见“std::vector<cv::String,std::allocator<cv::String>>”的声明
C:\Program Files (x86)\IntelSWTools\openvino_2020.4.287\inference_engine\include\ie_layers.h(1181,40): warning C4251: “InferenceEngine::RNNCellBase::activation_alpha”: class“std::vector<float,std::allocator<float>>”需要有 dll 接口由 class“InferenceEngine::RNNCellBase”的客户端使用
D:\opencv\opencv\build\include\opencv2\dnn\dnn.hpp(1053): message : 参见“std::vector<float,std::allocator<float>>”的声明
C:\Program Files (x86)\IntelSWTools\openvino_2020.4.287\inference_engine\include\ie_layers.h(1188,39): warning C4251: “InferenceEngine::RNNCellBase::activation_beta”: class“std::vector<float,std::allocator<float>>”需要有 dll 接口由 class“InferenceEngine::RNNCellBase”的客户端使用
D:\opencv\opencv\build\include\opencv2\dnn\dnn.hpp(1053): message : 参见“std::vector<float,std::allocator<float>>”的声明
C:\Program Files (x86)\IntelSWTools\openvino_2020.4.287\inference_engine\include\ie_layers.h(1494,44): warning C4251: “InferenceEngine::PadLayer::pads_begin”: class“InferenceEngine::PropertyVector<unsigned int,12>”需要有 dll 接口由 class“InferenceEngine::PadLayer”的客户端使用
C:\Program Files (x86)\IntelSWTools\openvino_2020.4.287\inference_engine\include\ie_layers.h(436): message : 参见“InferenceEngine::PropertyVector<unsigned int,12>”的声明
C:\Program Files (x86)\IntelSWTools\openvino_2020.4.287\inference_engine\include\ie_layers.h(1498,42): warning C4251: “InferenceEngine::PadLayer::pads_end”: class“InferenceEngine::PropertyVector<unsigned int,12>”需要有 dll 接口由 class“InferenceEngine::PadLayer”的客户端使用
C:\Program Files (x86)\IntelSWTools\openvino_2020.4.287\inference_engine\include\ie_layers.h(436): message : 参见“InferenceEngine::PropertyVector<unsigned int,12>”的声明
C:\Program Files (x86)\IntelSWTools\openvino_2020.4.287\inference_engine\include\ie_layers.h(1547,27): warning C4251: “InferenceEngine::StridedSliceLayer::begin_mask”: class“std::basic_string<char,std::char_traits<char>,std::allocator<char>>”需要有 dll 接口由 class“InferenceEngine::StridedSliceLayer”的客户端使用
C:\Program Files (x86)\Microsoft Visual Studio\2019\Community\VC\Tools\MSVC\14.27.29110\include\xstring(4564): message : 参见“std::basic_string<char,std::char_traits<char>,std::allocator<char>>”的声明
C:\Program Files (x86)\IntelSWTools\openvino_2020.4.287\inference_engine\include\ie_layers.h(1551,25): warning C4251: “InferenceEngine::StridedSliceLayer::end_mask”: class“std::basic_string<char,std::char_traits<char>,std::allocator<char>>”需要有 dll 接口由 class“InferenceEngine::StridedSliceLayer”的客户端使用
C:\Program Files (x86)\Microsoft Visual Studio\2019\Community\VC\Tools\MSVC\14.27.29110\include\xstring(4564): message : 参见“std::basic_string<char,std::char_traits<char>,std::allocator<char>>”的声明
C:\Program Files (x86)\IntelSWTools\openvino_2020.4.287\inference_engine\include\ie_layers.h(1556,30): warning C4251: “InferenceEngine::StridedSliceLayer::ellipsis_mask”: class“std::basic_string<char,std::char_traits<char>,std::allocator<char>>”需要有 dll 接口由 class“InferenceEngine::StridedSliceLayer”的客户端使用
C:\Program Files (x86)\Microsoft Visual Studio\2019\Community\VC\Tools\MSVC\14.27.29110\include\xstring(4564): message : 参见“std::basic_string<char,std::char_traits<char>,std::allocator<char>>”的声明
C:\Program Files (x86)\IntelSWTools\openvino_2020.4.287\inference_engine\include\ie_layers.h(1561,30): warning C4251: “InferenceEngine::StridedSliceLayer::new_axis_mask”: class“std::basic_string<char,std::char_traits<char>,std::allocator<char>>”需要有 dll 接口由 class“InferenceEngine::StridedSliceLayer”的客户端使用
C:\Program Files (x86)\Microsoft Visual Studio\2019\Community\VC\Tools\MSVC\14.27.29110\include\xstring(4564): message : 参见“std::basic_string<char,std::char_traits<char>,std::allocator<char>>”的声明
C:\Program Files (x86)\IntelSWTools\openvino_2020.4.287\inference_engine\include\ie_layers.h(1566,33): warning C4251: “InferenceEngine::StridedSliceLayer::shrink_axis_mask”: class“std::basic_string<char,std::char_traits<char>,std::allocator<char>>”需要有 dll 接口由 class“InferenceEngine::StridedSliceLayer”的客户端使用
C:\Program Files (x86)\Microsoft Visual Studio\2019\Community\VC\Tools\MSVC\14.27.29110\include\xstring(4564): message : 参见“std::basic_string<char,std::char_traits<char>,std::allocator<char>>”的声明
C:\Program Files (x86)\IntelSWTools\openvino_2020.4.287\inference_engine\include\ie_layers.h(1652,37): warning C4251: “InferenceEngine::SpaceToBatchLayer::_block_shape”: class“std::vector<size_t,std::allocator<size_t>>”需要有 dll 接口由 class“InferenceEngine::SpaceToBatchLayer”的客户端使用
D:\opencv\opencv\build\include\opencv2\core\mat.hpp(2685): message : 参见“std::vector<size_t,std::allocator<size_t>>”的声明
C:\Program Files (x86)\IntelSWTools\openvino_2020.4.287\inference_engine\include\ie_layers.h(1657,36): warning C4251: “InferenceEngine::SpaceToBatchLayer::_pads_begin”: class“std::vector<size_t,std::allocator<size_t>>”需要有 dll 接口由 class“InferenceEngine::SpaceToBatchLayer”的客户端使用
D:\opencv\opencv\build\include\opencv2\core\mat.hpp(2685): message : 参见“std::vector<size_t,std::allocator<size_t>>”的声明
C:\Program Files (x86)\IntelSWTools\openvino_2020.4.287\inference_engine\include\ie_layers.h(1661,34): warning C4251: “InferenceEngine::SpaceToBatchLayer::_pads_end”: class“std::vector<size_t,std::allocator<size_t>>”需要有 dll 接口由 class“InferenceEngine::SpaceToBatchLayer”的客户端使用
D:\opencv\opencv\build\include\opencv2\core\mat.hpp(2685): message : 参见“std::vector<size_t,std::allocator<size_t>>”的声明
C:\Program Files (x86)\IntelSWTools\openvino_2020.4.287\inference_engine\include\ie_layers.h(1682,37): warning C4251: “InferenceEngine::BatchToSpaceLayer::_block_shape”: class“std::vector<size_t,std::allocator<size_t>>”需要有 dll 接口由 class“InferenceEngine::BatchToSpaceLayer”的客户端使用
D:\opencv\opencv\build\include\opencv2\core\mat.hpp(2685): message : 参见“std::vector<size_t,std::allocator<size_t>>”的声明
C:\Program Files (x86)\IntelSWTools\openvino_2020.4.287\inference_engine\include\ie_layers.h(1688,37): warning C4251: “InferenceEngine::BatchToSpaceLayer::_crops_begin”: class“std::vector<size_t,std::allocator<size_t>>”需要有 dll 接口由 class“InferenceEngine::BatchToSpaceLayer”的客户端使用
D:\opencv\opencv\build\include\opencv2\core\mat.hpp(2685): message : 参见“std::vector<size_t,std::allocator<size_t>>”的声明
C:\Program Files (x86)\IntelSWTools\openvino_2020.4.287\inference_engine\include\ie_layers.h(1694,35): warning C4251: “InferenceEngine::BatchToSpaceLayer::_crops_end”: class“std::vector<size_t,std::allocator<size_t>>”需要有 dll 接口由 class“InferenceEngine::BatchToSpaceLayer”的客户端使用
D:\opencv\opencv\build\include\opencv2\core\mat.hpp(2685): message : 参见“std::vector<size_t,std::allocator<size_t>>”的声明
C:\Program Files (x86)\IntelSWTools\openvino_2020.4.287\inference_engine\include\ie_layers.h(1981,21): warning C4251: “InferenceEngine::TopKLayer::mode”: class“std::basic_string<char,std::char_traits<char>,std::allocator<char>>”需要有 dll 接口由 class“InferenceEngine::TopKLayer”的客户端使用
C:\Program Files (x86)\Microsoft Visual Studio\2019\Community\VC\Tools\MSVC\14.27.29110\include\xstring(4564): message : 参见“std::basic_string<char,std::char_traits<char>,std::allocator<char>>”的声明
C:\Program Files (x86)\IntelSWTools\openvino_2020.4.287\inference_engine\include\ie_layers.h(1985,21): warning C4251: “InferenceEngine::TopKLayer::sort”: class“std::basic_string<char,std::char_traits<char>,std::allocator<char>>”需要有 dll 接口由 class“InferenceEngine::TopKLayer”的客户端使用
C:\Program Files (x86)\Microsoft Visual Studio\2019\Community\VC\Tools\MSVC\14.27.29110\include\xstring(4564): message : 参见“std::basic_string<char,std::char_traits<char>,std::allocator<char>>”的声明
C:\Program Files (x86)\IntelSWTools\openvino_2020.4.287\inference_engine\include\ie_iextension.h(274,76): warning C4275: 非 dll 接口 class“InferenceEngine::IShapeInferExtension”用作 dll 接口 class“InferenceEngine::IExtension”的基
C:\Program Files (x86)\IntelSWTools\openvino_2020.4.287\inference_engine\include\ie_iextension.h(213): message : 参见“InferenceEngine::IShapeInferExtension”的声明
C:\Program Files (x86)\IntelSWTools\openvino_2020.4.287\inference_engine\include\ie_iextension.h(274): message : 参见“InferenceEngine::IExtension”的声明
C:\Program Files (x86)\IntelSWTools\openvino_2020.4.287\inference_engine\include\ie_icnn_network.hpp(43,73): warning C4275: 非 dll 接口 class“InferenceEngine::details::IRelease”用作 dll 接口 class“InferenceEngine::ICNNNetwork”的基
C:\Program Files (x86)\IntelSWTools\openvino_2020.4.287\inference_engine\include\details\ie_irelease.hpp(22): message : 参见“InferenceEngine::details::IRelease”的声明
C:\Program Files (x86)\IntelSWTools\openvino_2020.4.287\inference_engine\include\ie_icnn_network.hpp(43): message : 参见“InferenceEngine::ICNNNetwork”的声明
C:\Program Files (x86)\IntelSWTools\openvino_2020.4.287\inference_engine\include\cpp\ie_cnn_network.h(329,27): warning C4251: “InferenceEngine::CNNNetwork::reader”: class“InferenceEngine::details::SOPointer<InferenceEngine::ICNNNetReader,InferenceEngine::details::SharedObjectLoader>”需要有 dll 接口由 class“InferenceEngine::CNNNetwork”的客户端使用
C:\Program Files (x86)\IntelSWTools\openvino_2020.4.287\inference_engine\include\ie_icnn_net_reader.h(154): message : 参见“InferenceEngine::details::SOPointer<InferenceEngine::ICNNNetReader,InferenceEngine::details::SharedObjectLoader>”的声明
C:\Program Files (x86)\IntelSWTools\openvino_2020.4.287\inference_engine\include\cpp\ie_cnn_network.h(334,41): warning C4251: “InferenceEngine::CNNNetwork::network”: class“std::shared_ptr<InferenceEngine::ICNNNetwork>”需要有 dll 接口由 class“InferenceEngine::CNNNetwork”的客户端使用
C:\Program Files (x86)\IntelSWTools\openvino_2020.4.287\inference_engine\include\ie_icnn_network.hpp(48): message : 参见“std::shared_ptr<InferenceEngine::ICNNNetwork>”的声明
C:\Program Files (x86)\IntelSWTools\openvino_2020.4.287\inference_engine\include\cpp\ie_cnn_network.h(343,19): warning C4251: “InferenceEngine::CNNNetwork::output”: class“std::shared_ptr<InferenceEngine::Data>”需要有 dll 接口由 class“InferenceEngine::CNNNetwork”的客户端使用
C:\Program Files (x86)\IntelSWTools\openvino_2020.4.287\inference_engine\include\ie_common.h(53): message : 参见“std::shared_ptr<InferenceEngine::Data>”的声明
C:\Program Files (x86)\IntelSWTools\openvino_2020.4.287\inference_engine\include\ie_extension.h(201,59): warning C4251: “InferenceEngine::Extension::actual”: class“InferenceEngine::details::SOPointer<InferenceEngine::IExtension,InferenceEngine::details::SharedObjectLoader>”需要有 dll 接口由 class“InferenceEngine::Extension”的客户端使用
C:\Program Files (x86)\IntelSWTools\openvino_2020.4.287\inference_engine\include\ie_extension.h(201): message : 参见“InferenceEngine::details::SOPointer<InferenceEngine::IExtension,InferenceEngine::details::SharedObjectLoader>”的声明
C:\Program Files (x86)\IntelSWTools\openvino_2020.4.287\inference_engine\include\ie_core.hpp(53,32): warning C4251: “InferenceEngine::Core::_impl”: class“std::shared_ptr<InferenceEngine::Core::Impl>”需要有 dll 接口由 class“InferenceEngine::Core”的客户端使用
C:\Program Files (x86)\IntelSWTools\openvino_2020.4.287\inference_engine\include\ie_core.hpp(53): message : 参见“std::shared_ptr<InferenceEngine::Core::Impl>”的声明
C:\Program Files (x86)\IntelSWTools\openvino_2020.4.287\inference_engine\include\ie_plugin.hpp(36,32): warning C4275: 非 dll 接口 class“InferenceEngine::details::IRelease”用作 dll 接口 class“InferenceEngine::IInferencePlugin”的基
C:\Program Files (x86)\IntelSWTools\openvino_2020.4.287\inference_engine\include\details\ie_irelease.hpp(22): message : 参见“InferenceEngine::details::IRelease”的声明
C:\Program Files (x86)\IntelSWTools\openvino_2020.4.287\inference_engine\include\ie_plugin.hpp(35): message : 参见“InferenceEngine::IInferencePlugin”的声明
C:\Program Files (x86)\IntelSWTools\openvino_2020.4.287\inference_engine\include\ie_plugin_dispatcher.hpp(66,40): warning C4251: “InferenceEngine::PluginDispatcher::pluginDirs”: class“std::vector<file_name_t,std::allocator<file_name_t>>”需要有 dll 接口由 class“InferenceEngine::PluginDispatcher”的客户端使用
C:\Program Files (x86)\IntelSWTools\openvino_2020.4.287\inference_engine\include\ie_plugin_dispatcher.hpp(32): message : 参见“std::vector<file_name_t,std::allocator<file_name_t>>”的声明
  tongkongyuan.vcxproj -> E:\tongkongyuan\cpp\tongkongyuan\x64\Debug\tongkongyuan.exe
